[huzaifaabdullah509.wixsite.com/vibe.html]
[static.parastorage.com/unpkg/core-js-bundle@3.2.1/minified.js]
[static.parastorage.com/unpkg/focus-within-polyfill@5.0.9/dist/focus-within-polyfill.js]
[backblue.gif]
[fade.gif]
[index.html]
[polyfill-fastly.io/v3/polyfill.mind82c.js]
[huzaifaabdullah509.wixsite.com/vibe/blog-feed.xml]
[static.parastorage.com/services/comments-widget/1.1011.0/client-viewer/1986.chunk.min.js]
[static.parastorage.com/services/comments-widget/1.1011.0/client-viewer/ricos_plugin_giphy.chunk.min.js]
[huzaifaabdullah509.wixsite.com/index.html]
[static.wixstatic.com/media/11062b_c7e84b1693cf44ca9005102adf9c07a7_mv2.jpg/v1/fill/w_288,h_192,al_c,q_80,usm_0.66_1.00_0.01,blur_2,enc_auto/11062b_c7e84b1693cf44ca9005102adf9c07a7_mv2.jpg]
[huzaifaabdullah509.wixsite.com/vibe/blog.html]
[huzaifaabdullah509.wixsite.com/vibe/book-online.html]
[static.wixstatic.com/media/11062b_cd8e272509d74b7e90ced22675341a04_mv2.jpg/v1/fill/w_98,h_55,al_c,q_80,usm_0.66_1.00_0.01,blur_2,enc_auto/11062b_cd8e272509d74b7e90ced22675341a04_mv2.png]
[huzaifaabdullah509.wixsite.com/vibe/post/expert-social-media-services-showcase.html]
[huzaifaabdullah509.wixsite.com/vibe/post/ultimate-portfolio-for-social-media-marketing.html]
[huzaifaabdullah509.wixsite.com/vibe/post/mastering-social-media-marketing-portfolio-highlight.html]
[huzaifaabdullah509.wixsite.com/vibe/portfolio-collections/my-portfolio/alban-city-removals.html]
[static.wixstatic.com/media/43fc70_9da0c1b65ba3410bb07d8e2666f34cfd_mv2.png/v1/fill/w_1,h_1,q_90/43fc70_9da0c1b65ba3410bb07d8e2666f34cfd_mv2.png]
[static.wixstatic.com/media/43fc70_9da0c1b65ba3410bb07d8e2666f34cfd_mv2.png/v1/fit/w_480,h_480,q_90/43fc70_9da0c1b65ba3410bb07d8e2666f34cfd_mv2.png]
[huzaifaabdullah509.wixsite.com/vibe/portfolio-collections/my-portfolio/herts-cleaning-and-maintenance.html]
[static.wixstatic.com/media/43fc70_05f15ffa0ae64642a30c3fecd51422be_mv2.png/v1/fill/w_1,h_1,q_90/43fc70_05f15ffa0ae64642a30c3fecd51422be_mv2.png]
[static.wixstatic.com/media/43fc70_05f15ffa0ae64642a30c3fecd51422be_mv2.png/v1/fit/w_480,h_480,q_90/43fc70_05f15ffa0ae64642a30c3fecd51422be_mv2.png]
[huzaifaabdullah509.wixsite.com/vibe/portfolio-collections/my-portfolio/social-media-marketing.html]
[static.wixstatic.com/media/43fc70_bea53377552e46c99dbcc558861d21f0_mv2.jpeg/v1/fill/w_1,h_1,q_90/43fc70_bea53377552e46c99dbcc558861d21f0_mv2.jpg]
[static.wixstatic.com/media/43fc70_bea53377552e46c99dbcc558861d21f0_mv2.jpeg/v1/fit/w_480,h_480,q_90/43fc70_bea53377552e46c99dbcc558861d21f0_mv2.jpg]
[huzaifaabdullah509.wixsite.com/vibe/portfolio-collections/my-portfolio/social-media-and-digital-marketing-strategy.html]
[static.wixstatic.com/media/43fc70_109fda7806f4460da0685f85be0bbba0_mv2.png/v1/fill/w_1,h_1,q_90/43fc70_109fda7806f4460da0685f85be0bbba0_mv2.png]
[static.wixstatic.com/media/43fc70_109fda7806f4460da0685f85be0bbba0_mv2.png/v1/fit/w_480,h_480,q_90/43fc70_109fda7806f4460da0685f85be0bbba0_mv2.png]
[huzaifaabdullah509.wixsite.com/vibe/portfolio-collections/my-portfolio/futuristic-branding-and-promotion.html]
[static.wixstatic.com/media/43fc70_4bca9edf38b44ebeac170f4ed9d29a40_mv2.png/v1/fill/w_1,h_1,q_90/43fc70_4bca9edf38b44ebeac170f4ed9d29a40_mv2.png]
[static.wixstatic.com/media/43fc70_4bca9edf38b44ebeac170f4ed9d29a40_mv2.png/v1/fit/w_480,h_480,q_90/43fc70_4bca9edf38b44ebeac170f4ed9d29a40_mv2.png]
[huzaifaabdullah509.wixsite.com/vibe/portfolio-collections/my-portfolio/video-editing-and-digital-artwork.html]
[static.wixstatic.com/media/43fc70_95d7dba7f88c419ea988259902a4e7a0_mv2.png/v1/fill/w_1,h_1,q_90/43fc70_95d7dba7f88c419ea988259902a4e7a0_mv2.png]
[static.wixstatic.com/media/43fc70_95d7dba7f88c419ea988259902a4e7a0_mv2.png/v1/fit/w_480,h_480,q_90/43fc70_95d7dba7f88c419ea988259902a4e7a0_mv2.png]
[huzaifaabdullah509.wixsite.com/vibe/portfolio-collections/my-portfolio/creative-illustrations-and-artwork.html]
[static.wixstatic.com/media/43fc70_5cf32e89d27a4a4f83e0bccffd0237e5_mv2.png/v1/fill/w_1,h_1,q_90/43fc70_5cf32e89d27a4a4f83e0bccffd0237e5_mv2.png]
[static.wixstatic.com/media/43fc70_5cf32e89d27a4a4f83e0bccffd0237e5_mv2.png/v1/fit/w_480,h_480,q_90/43fc70_5cf32e89d27a4a4f83e0bccffd0237e5_mv2.png]
[huzaifaabdullah509.wixsite.com/vibe/portfolio-collections/my-portfolio/finance-and-investment-concepts.html]
[static.wixstatic.com/media/43fc70_9e3c3784a2de4c5aaec6860d5b72b19e_mv2.jpeg/v1/fill/w_1,h_1,q_90/43fc70_9e3c3784a2de4c5aaec6860d5b72b19e_mv2.jpg]
[static.wixstatic.com/media/43fc70_9e3c3784a2de4c5aaec6860d5b72b19e_mv2.jpeg/v1/fit/w_480,h_480,q_90/43fc70_9e3c3784a2de4c5aaec6860d5b72b19e_mv2.jpg]
[static.wixstatic.com/media/43fc70_41039a562e17416a87154d50bdf06148_mv2.jpeg/v1/fill/w_1,h_1,q_90/43fc70_41039a562e17416a87154d50bdf06148_mv2.jpg]
[huzaifaabdullah509.wixsite.com/vibe/portfolio-collections/my-portfolio/digital-marketing-graphics.html]
[static.wixstatic.com/media/43fc70_41039a562e17416a87154d50bdf06148_mv2.jpeg/v1/fit/w_480,h_480,q_90/43fc70_41039a562e17416a87154d50bdf06148_mv2.jpg]
[static.wixstatic.com/media/43fc70_584e403af7b54b14afd565d69e3bd40e_mv2.jpg/v1/fill/w_98,h_98,al_c,q_80,usm_0.66_1.00_0.01,blur_2,enc_auto/43fc70_584e403af7b54b14afd565d69e3bd40e_mv2.jpg]
[browser.sentry-cdn.com/6.18.2/bundle.min.js]
[huzaifaabdullah509.wixsite.com/sitemap.2b.delayed]
[huzaifaabdullah509.wixsite.com/feed.2c.delayed]
[huzaifaabdullah509.wixsite.com/${i.2d.delayed]
[static.parastorage.com/services/wix-thunderbolt/dist/thunderbolt-commons.234d8a21.bundle.min.js]
[static.parastorage.com/services/wix-thunderbolt/dist/main.ef3614f6.bundle.min.js]
[static.parastorage.com/services/wix-thunderbolt/dist/main.renderer.1d21f023.bundle.min.js]
[static.parastorage.com/unpkg/lodash@4.17.21/lodash.min.js]
[static.parastorage.com/unpkg/react@18.3.1/umd/react.production.min.js]
[static.parastorage.com/unpkg/react-dom@18.3.1/umd/react-dom.production.min.js]
[huzaifaabdullah509.wixsite.com/decodeURIComponent(e.34.delayed]
[static.parastorage.com/services/tag-manager-client/1.875.0/siteTags.bundle.min.js]
[static.parastorage.com/services/wix-perf-measure/1.1095.0/wix-perf-measure.umd.min.js]
[huzaifaabdullah509.wixsite.com/vibe.html]
[huzaifaabdullah509.wixsite.com/index.html]
[static.parastorage.com/services/communities-blog-ooi/1.1845.0/client-viewer/9143.chunk.min.js]
[static.parastorage.com/services/communities-blog-ooi/1.1845.0/client-viewer/6910.chunk.min.js]
[static.parastorage.com/services/communities-blog-ooi/1.1845.0/client-viewer/post-list-pro-gallery.chunk.min.js]
[static.parastorage.com/services/wix-thunderbolt/dist/webpack-runtime.05c4b44a.bundle.min.js]
[huzaifaabdullah509.wixsite.com/vibe/robots.3b.delayed]
[huzaifaabdullah509.wixsite.com/vibe/sitemap.xml]
[huzaifaabdullah509.wixsite.com/vibe/feed.3d.delayed]
[huzaifaabdullah509.wixsite.com/vibe/${i.3e.delayed]
[static.parastorage.com/services/communities-blog-ooi/1.1845.0/BlogViewerWidgetNoCss.bundle.min.js]
[huzaifaabdullah509.wixsite.com/vibe/decodeURIComponent(e.40.delayed]
[huzaifaabdullah509.wixsite.com/vibe/blog.html]
[static.wixstatic.com/media/11062b_cc8ef83a050a4af6935a687759dcbabe_mv2.jpg/v1/fit/w_150,h_100,q_80,usm_0.66_1.00_0.01,blur_2,enc_auto/11062b_cc8ef83a050a4af6935a687759dcbabe_mv2.jpg]
[static.wixstatic.com/media/11062b_05b9085992d6417196f00195288fd5d8_mv2.jpeg/v1/fit/w_150,h_100,q_80,usm_0.66_1.00_0.01,blur_2,enc_auto/11062b_05b9085992d6417196f00195288fd5d8_mv2.jpg]
[static.wixstatic.com/media/11062b_635e083d259a4f18a212839f60b2918a_mv2.jpeg/v1/fit/w_150,h_100,q_80,usm_0.66_1.00_0.01,blur_2,enc_auto/11062b_635e083d259a4f18a212839f60b2918a_mv2.jpg]
[static.wixstatic.com/media/43fc70_9b386c60c379418a8f3dd144bc6503fa_mv2.jpg/v1/fill/w_100,h_100,al_c,q_80,usm_0.66_1.00_0.01,blur_2,enc_auto/43fc70_9b386c60c379418a8f3dd144bc6503fa_mv2.jpg]
[huzaifaabdullah509.wixsite.com/vibe/book-online.html]
[static.wixstatic.com/media/6d8832_4621656d1cf64202a703bffc935585f5_mv2.jpg/v1/fill/w_147,h_98,al_c,q_80,usm_0.66_1.00_0.01,blur_2,enc_auto/building.jpg]
[static.wixstatic.com/media/43fc70_c136256a3cc64441a0308a85873466eb_mv2.png/v1/fill/w_49,h_38,al_c,q_85,usm_0.66_1.00_0.01,blur_2,enc_auto/43fc70_c136256a3cc64441a0308a85873466eb_mv2.png]
[huzaifaabdullah509.wixsite.com/vibe/post/robots.47.delayed]
[huzaifaabdullah509.wixsite.com/vibe/post/sitemap.48.delayed]
[huzaifaabdullah509.wixsite.com/vibe/post/feed.49.delayed]
[huzaifaabdullah509.wixsite.com/vibe/post/${i.4a.delayed]
[huzaifaabdullah509.wixsite.com/vibe/post/decodeURIComponent(e.4b.delayed]
[huzaifaabdullah509.wixsite.com/vibe/post/expert-social-media-services-showcase.html]
[static.parastorage.com/services/wix-thunderbolt/dist/thunderbolt-commons.01583709.bundle.min.js]
[huzaifaabdullah509.wixsite.com/vibe/post/ultimate-portfolio-for-social-media-marketing.html]
[static.parastorage.com/services/wix-thunderbolt/dist/main.68eafee5.bundle.min.js]
[static.wixstatic.com/media/43fc70_6816715712e04098bf90224c04254ab9_mv2.png/v1/fill/w_49,h_38,al_c,q_85,usm_0.66_1.00_0.01,blur_2,enc_auto/43fc70_6816715712e04098bf90224c04254ab9_mv2.png]
[huzaifaabdullah509.wixsite.com/vibe/post/mastering-social-media-marketing-portfolio-highlight.html]
[static.wixstatic.com/media/43fc70_9da0c1b65ba3410bb07d8e2666f34cfd_mv2.png/v1/fit/w_1080,h_552,q_90/43fc70_9da0c1b65ba3410bb07d8e2666f34cfd_mv2.png]
[static.wixstatic.com/media/43fc70_22897d18ecdb44589e49e7e3de8842e9_mv2.png/v1/fill/w_1,h_1,q_90/43fc70_22897d18ecdb44589e49e7e3de8842e9_mv2.png]
[static.wixstatic.com/media/43fc70_22897d18ecdb44589e49e7e3de8842e9_mv2.png/v1/fit/w_1080,h_360,q_90/43fc70_22897d18ecdb44589e49e7e3de8842e9_mv2.png]
[static.wixstatic.com/media/43fc70_1539cbb1a8464416a1182a21606e8045_mv2.png/v1/fill/w_1,h_1,q_90/43fc70_1539cbb1a8464416a1182a21606e8045_mv2.png]
[static.wixstatic.com/media/43fc70_1539cbb1a8464416a1182a21606e8045_mv2.png/v1/fit/w_1080,h_360,q_90/43fc70_1539cbb1a8464416a1182a21606e8045_mv2.png]
[static.wixstatic.com/media/43fc70_21f6c0ca45a24c08a100f58df2ea9c4d_mv2.png/v1/fill/w_1,h_1,q_90/43fc70_21f6c0ca45a24c08a100f58df2ea9c4d_mv2.png]
[static.wixstatic.com/media/43fc70_21f6c0ca45a24c08a100f58df2ea9c4d_mv2.png/v1/fit/w_1080,h_360,q_90/43fc70_21f6c0ca45a24c08a100f58df2ea9c4d_mv2.png]
[static.wixstatic.com/media/43fc70_d647f682a38e4532aa7047e8a8eaa9da_mv2.png/v1/fill/w_1,h_1,q_90/43fc70_d647f682a38e4532aa7047e8a8eaa9da_mv2.png]
[static.wixstatic.com/media/43fc70_d647f682a38e4532aa7047e8a8eaa9da_mv2.png/v1/fit/w_1080,h_360,q_90/43fc70_d647f682a38e4532aa7047e8a8eaa9da_mv2.png]
[static.wixstatic.com/media/43fc70_efae04eb4b784e7a95992097232515c0_mv2.jpg/v1/fill/w_1,h_1,q_90/43fc70_efae04eb4b784e7a95992097232515c0_mv2.jpg]
[static.wixstatic.com/media/43fc70_efae04eb4b784e7a95992097232515c0_mv2.jpg/v1/fit/w_1080,h_360,q_90/43fc70_efae04eb4b784e7a95992097232515c0_mv2.jpg]
[static.wixstatic.com/media/43fc70_699b36808fd046109e413d9dd9dc0de8_mv2.jpg/v1/fill/w_1,h_1,q_90/43fc70_699b36808fd046109e413d9dd9dc0de8_mv2.jpg]
[static.wixstatic.com/media/43fc70_699b36808fd046109e413d9dd9dc0de8_mv2.jpg/v1/fit/w_600,h_326,q_90/43fc70_699b36808fd046109e413d9dd9dc0de8_mv2.jpg]
[static.wixstatic.com/media/43fc70_ec97f8d67fb9495c95890c10a096cb6b_mv2.jpg/v1/fill/w_1,h_1,q_90/43fc70_ec97f8d67fb9495c95890c10a096cb6b_mv2.jpg]
[static.wixstatic.com/media/43fc70_ec97f8d67fb9495c95890c10a096cb6b_mv2.jpg/v1/fit/w_600,h_326,q_90/43fc70_ec97f8d67fb9495c95890c10a096cb6b_mv2.jpg]
[static.wixstatic.com/media/43fc70_d58e27848d2e4dd7b72a97625a50d7b1_mv2.jpg/v1/fill/w_1,h_1,q_90/43fc70_d58e27848d2e4dd7b72a97625a50d7b1_mv2.jpg]
[static.wixstatic.com/media/43fc70_d58e27848d2e4dd7b72a97625a50d7b1_mv2.jpg/v1/fit/w_600,h_326,q_90/43fc70_d58e27848d2e4dd7b72a97625a50d7b1_mv2.jpg]
[static.wixstatic.com/media/43fc70_b47a8986b54a4a09a33c8f0054c4963d_mv2.png/v1/fill/w_1,h_1,q_90/43fc70_b47a8986b54a4a09a33c8f0054c4963d_mv2.png]
[static.wixstatic.com/media/43fc70_b47a8986b54a4a09a33c8f0054c4963d_mv2.png/v1/fit/w_1024,h_341,q_90/43fc70_b47a8986b54a4a09a33c8f0054c4963d_mv2.png]
[static.wixstatic.com/media/43fc70_fa93a11b7f67422a8cfc1864c9ed2974_mv2.png/v1/fill/w_1,h_1,q_90/43fc70_fa93a11b7f67422a8cfc1864c9ed2974_mv2.png]
[static.wixstatic.com/media/43fc70_fa93a11b7f67422a8cfc1864c9ed2974_mv2.png/v1/fit/w_1024,h_341,q_90/43fc70_fa93a11b7f67422a8cfc1864c9ed2974_mv2.png]
[static.wixstatic.com/media/43fc70_f6ddec67554d4909800082e97551d6b8_mv2.png/v1/fill/w_1,h_1,q_90/43fc70_f6ddec67554d4909800082e97551d6b8_mv2.png]
[static.wixstatic.com/media/43fc70_f6ddec67554d4909800082e97551d6b8_mv2.png/v1/fit/w_1080,h_360,q_90/43fc70_f6ddec67554d4909800082e97551d6b8_mv2.png]
[static.wixstatic.com/media/43fc70_7a0e7556f83a40c9ae8e0be74f996d3c_mv2.png/v1/fill/w_1,h_1,q_90/43fc70_7a0e7556f83a40c9ae8e0be74f996d3c_mv2.png]
[static.wixstatic.com/media/43fc70_7a0e7556f83a40c9ae8e0be74f996d3c_mv2.png/v1/fit/w_1080,h_360,q_90/43fc70_7a0e7556f83a40c9ae8e0be74f996d3c_mv2.png]
[static.wixstatic.com/media/43fc70_12e7005e1aab4ebf8f44b1925563baef_mv2.png/v1/fill/w_1,h_1,q_90/43fc70_12e7005e1aab4ebf8f44b1925563baef_mv2.png]
[static.wixstatic.com/media/43fc70_12e7005e1aab4ebf8f44b1925563baef_mv2.png/v1/fit/w_1080,h_360,q_90/43fc70_12e7005e1aab4ebf8f44b1925563baef_mv2.png]
[static.wixstatic.com/media/43fc70_ebb8197e4968457ebba10ea44ba7fc47_mv2.png/v1/fill/w_1,h_1,q_90/43fc70_ebb8197e4968457ebba10ea44ba7fc47_mv2.png]
[static.wixstatic.com/media/43fc70_ebb8197e4968457ebba10ea44ba7fc47_mv2.png/v1/fit/w_1080,h_360,q_90/43fc70_ebb8197e4968457ebba10ea44ba7fc47_mv2.png]
[static.wixstatic.com/media/43fc70_b2cb9b122d4744bc99f496f6e268957a_mv2.png/v1/fill/w_1,h_1,q_90/43fc70_b2cb9b122d4744bc99f496f6e268957a_mv2.png]
[static.wixstatic.com/media/43fc70_b2cb9b122d4744bc99f496f6e268957a_mv2.png/v1/fit/w_1080,h_360,q_90/43fc70_b2cb9b122d4744bc99f496f6e268957a_mv2.png]
[static.wixstatic.com/media/43fc70_50738fb129444aec92b6b6b12a28b93b_mv2.png/v1/fill/w_1,h_1,q_90/43fc70_50738fb129444aec92b6b6b12a28b93b_mv2.png]
[static.wixstatic.com/media/43fc70_50738fb129444aec92b6b6b12a28b93b_mv2.png/v1/fit/w_1080,h_360,q_90/43fc70_50738fb129444aec92b6b6b12a28b93b_mv2.png]
[static.wixstatic.com/media/43fc70_005a533208574720b95356a2bf1cb3b8_mv2.png/v1/fill/w_1,h_1,q_90/43fc70_005a533208574720b95356a2bf1cb3b8_mv2.png]
[static.wixstatic.com/media/43fc70_005a533208574720b95356a2bf1cb3b8_mv2.png/v1/fit/w_1080,h_360,q_90/43fc70_005a533208574720b95356a2bf1cb3b8_mv2.png]
[static.wixstatic.com/media/43fc70_2dd5ff9e8b03446b802c5066d45485f9_mv2.png/v1/fill/w_1,h_1,q_90/43fc70_2dd5ff9e8b03446b802c5066d45485f9_mv2.png]
[static.wixstatic.com/media/43fc70_2dd5ff9e8b03446b802c5066d45485f9_mv2.png/v1/fit/w_1080,h_360,q_90/43fc70_2dd5ff9e8b03446b802c5066d45485f9_mv2.png]
[static.wixstatic.com/media/43fc70_c064e2312d9f4e6d947ce8dce71337c5_mv2.png/v1/fill/w_1,h_1,q_90/43fc70_c064e2312d9f4e6d947ce8dce71337c5_mv2.png]
[static.wixstatic.com/media/43fc70_c064e2312d9f4e6d947ce8dce71337c5_mv2.png/v1/fit/w_1080,h_360,q_90/43fc70_c064e2312d9f4e6d947ce8dce71337c5_mv2.png]
[static.wixstatic.com/media/43fc70_9affbab2e9ab44eba4850054ffc2ece7_mv2.png/v1/fill/w_1,h_1,q_90/43fc70_9affbab2e9ab44eba4850054ffc2ece7_mv2.png]
[static.wixstatic.com/media/43fc70_9affbab2e9ab44eba4850054ffc2ece7_mv2.png/v1/fit/w_1080,h_360,q_90/43fc70_9affbab2e9ab44eba4850054ffc2ece7_mv2.png]
[static.wixstatic.com/media/43fc70_64181cf5ecf84f1c9ac316d48cfcde94_mv2.png/v1/fill/w_1,h_1,q_90/43fc70_64181cf5ecf84f1c9ac316d48cfcde94_mv2.png]
[static.wixstatic.com/media/43fc70_64181cf5ecf84f1c9ac316d48cfcde94_mv2.png/v1/fit/w_1080,h_360,q_90/43fc70_64181cf5ecf84f1c9ac316d48cfcde94_mv2.png]
[static.wixstatic.com/media/43fc70_66121f12e1804cf39b13c24d32a61478_mv2.png/v1/fill/w_1,h_1,q_90/43fc70_66121f12e1804cf39b13c24d32a61478_mv2.png]
[static.wixstatic.com/media/43fc70_66121f12e1804cf39b13c24d32a61478_mv2.png/v1/fit/w_1080,h_360,q_90/43fc70_66121f12e1804cf39b13c24d32a61478_mv2.png]
[static.wixstatic.com/media/43fc70_ed8df711b3d147e6b482a14b83c40673_mv2.png/v1/fill/w_1,h_1,q_90/43fc70_ed8df711b3d147e6b482a14b83c40673_mv2.png]
[static.wixstatic.com/media/43fc70_ed8df711b3d147e6b482a14b83c40673_mv2.png/v1/fit/w_1080,h_360,q_90/43fc70_ed8df711b3d147e6b482a14b83c40673_mv2.png]
[static.wixstatic.com/media/43fc70_000b62bd005f48e3a3086e16521f7b6e_mv2.png/v1/fill/w_1,h_1,q_90/43fc70_000b62bd005f48e3a3086e16521f7b6e_mv2.png]
[static.wixstatic.com/media/43fc70_000b62bd005f48e3a3086e16521f7b6e_mv2.png/v1/fit/w_1080,h_360,q_90/43fc70_000b62bd005f48e3a3086e16521f7b6e_mv2.png]
[static.wixstatic.com/media/43fc70_edb15170bf1b4d44b05c4c9c95aec440_mv2.png/v1/fill/w_1,h_1,q_90/43fc70_edb15170bf1b4d44b05c4c9c95aec440_mv2.png]
[static.wixstatic.com/media/43fc70_edb15170bf1b4d44b05c4c9c95aec440_mv2.png/v1/fit/w_1080,h_360,q_90/43fc70_edb15170bf1b4d44b05c4c9c95aec440_mv2.png]
[static.wixstatic.com/media/43fc70_4d8ad46ab44b478aa2cada9514bd58b5_mv2.png/v1/fill/w_1,h_1,q_90/43fc70_4d8ad46ab44b478aa2cada9514bd58b5_mv2.png]
[static.wixstatic.com/media/43fc70_4d8ad46ab44b478aa2cada9514bd58b5_mv2.png/v1/fit/w_1080,h_360,q_90/43fc70_4d8ad46ab44b478aa2cada9514bd58b5_mv2.png]
[static.wixstatic.com/media/43fc70_95263a6beb6e478887b2ec6b270783df_mv2.png/v1/fill/w_1,h_1,q_90/43fc70_95263a6beb6e478887b2ec6b270783df_mv2.png]
[static.wixstatic.com/media/43fc70_95263a6beb6e478887b2ec6b270783df_mv2.png/v1/fit/w_1080,h_360,q_90/43fc70_95263a6beb6e478887b2ec6b270783df_mv2.png]
[huzaifaabdullah509.wixsite.com/vibe/portfolio-collections/my-portfolio/robots.86.delayed]
[huzaifaabdullah509.wixsite.com/vibe/portfolio-collections/my-portfolio/sitemap.87.delayed]
[huzaifaabdullah509.wixsite.com/vibe/portfolio-collections/my-portfolio/feed.88.delayed]
[huzaifaabdullah509.wixsite.com/vibe/portfolio-collections/my-portfolio/${i.89.delayed]
[huzaifaabdullah509.wixsite.com/vibe/portfolio-collections/my-portfolio/decodeURIComponent(e.8a.delayed]
[huzaifaabdullah509.wixsite.com/vibe/portfolio-collections/my-portfolio/alban-city-removals.html]
[static.wixstatic.com/media/43fc70_05f15ffa0ae64642a30c3fecd51422be_mv2.png/v1/fit/w_1080,h_552,q_90/43fc70_05f15ffa0ae64642a30c3fecd51422be_mv2.png]
[static.wixstatic.com/media/43fc70_31693b6ad1924dc09e7e0c53a02fca0c_mv2.png/v1/fill/w_1,h_1,q_90/43fc70_31693b6ad1924dc09e7e0c53a02fca0c_mv2.png]
[static.wixstatic.com/media/43fc70_31693b6ad1924dc09e7e0c53a02fca0c_mv2.png/v1/fit/w_1080,h_360,q_90/43fc70_31693b6ad1924dc09e7e0c53a02fca0c_mv2.png]
[static.wixstatic.com/media/43fc70_b6e485a47a6948e3864a19180996cbfd_mv2.png/v1/fill/w_1,h_1,q_90/43fc70_b6e485a47a6948e3864a19180996cbfd_mv2.png]
[static.wixstatic.com/media/43fc70_b6e485a47a6948e3864a19180996cbfd_mv2.png/v1/fit/w_1080,h_360,q_90/43fc70_b6e485a47a6948e3864a19180996cbfd_mv2.png]
[static.wixstatic.com/media/43fc70_98e758575b7848569eb1bf8ed7733044_mv2.png/v1/fill/w_1,h_1,q_90/43fc70_98e758575b7848569eb1bf8ed7733044_mv2.png]
[static.wixstatic.com/media/43fc70_98e758575b7848569eb1bf8ed7733044_mv2.png/v1/fit/w_1080,h_360,q_90/43fc70_98e758575b7848569eb1bf8ed7733044_mv2.png]
[static.wixstatic.com/media/43fc70_6b86fb0b132d4a96a11001e43bc6b375_mv2.png/v1/fill/w_1,h_1,q_90/43fc70_6b86fb0b132d4a96a11001e43bc6b375_mv2.png]
[static.wixstatic.com/media/43fc70_6b86fb0b132d4a96a11001e43bc6b375_mv2.png/v1/fit/w_1080,h_360,q_90/43fc70_6b86fb0b132d4a96a11001e43bc6b375_mv2.png]
[static.wixstatic.com/media/43fc70_c7083f5e905d478ea7d2bd2a2563b648_mv2.png/v1/fill/w_1,h_1,q_90/43fc70_c7083f5e905d478ea7d2bd2a2563b648_mv2.png]
[static.wixstatic.com/media/43fc70_c7083f5e905d478ea7d2bd2a2563b648_mv2.png/v1/fit/w_1080,h_360,q_90/43fc70_c7083f5e905d478ea7d2bd2a2563b648_mv2.png]
[static.wixstatic.com/media/43fc70_c58abc2ec1cf490cab237ab2fd883ddf_mv2.png/v1/fill/w_1,h_1,q_90/43fc70_c58abc2ec1cf490cab237ab2fd883ddf_mv2.png]
[static.wixstatic.com/media/43fc70_c58abc2ec1cf490cab237ab2fd883ddf_mv2.png/v1/fit/w_1080,h_360,q_90/43fc70_c58abc2ec1cf490cab237ab2fd883ddf_mv2.png]
[static.wixstatic.com/media/43fc70_f2f654a2489d4d9980e8ae06c28fd98d_mv2.png/v1/fill/w_1,h_1,q_90/43fc70_f2f654a2489d4d9980e8ae06c28fd98d_mv2.png]
[static.wixstatic.com/media/43fc70_f2f654a2489d4d9980e8ae06c28fd98d_mv2.png/v1/fit/w_1080,h_360,q_90/43fc70_f2f654a2489d4d9980e8ae06c28fd98d_mv2.png]
[static.wixstatic.com/media/43fc70_9699e997a79a45ae8cb88010b18bdde9_mv2.png/v1/fill/w_1,h_1,q_90/43fc70_9699e997a79a45ae8cb88010b18bdde9_mv2.png]
[static.wixstatic.com/media/43fc70_9699e997a79a45ae8cb88010b18bdde9_mv2.png/v1/fit/w_1080,h_360,q_90/43fc70_9699e997a79a45ae8cb88010b18bdde9_mv2.png]
[static.wixstatic.com/media/43fc70_16e66a3a057c48fd85ab6c3cd3be111a_mv2.png/v1/fill/w_1,h_1,q_90/43fc70_16e66a3a057c48fd85ab6c3cd3be111a_mv2.png]
[static.wixstatic.com/media/43fc70_16e66a3a057c48fd85ab6c3cd3be111a_mv2.png/v1/fit/w_1080,h_360,q_90/43fc70_16e66a3a057c48fd85ab6c3cd3be111a_mv2.png]
[static.wixstatic.com/media/43fc70_a405ac249d9d4065b6b0f8e7bc73ae8d_mv2.png/v1/fill/w_1,h_1,q_90/43fc70_a405ac249d9d4065b6b0f8e7bc73ae8d_mv2.png]
[static.wixstatic.com/media/43fc70_a405ac249d9d4065b6b0f8e7bc73ae8d_mv2.png/v1/fit/w_1080,h_360,q_90/43fc70_a405ac249d9d4065b6b0f8e7bc73ae8d_mv2.png]
[static.wixstatic.com/media/43fc70_5d2688aecb464931a0016f3fd91be5bd_mv2.png/v1/fill/w_1,h_1,q_90/43fc70_5d2688aecb464931a0016f3fd91be5bd_mv2.png]
[static.wixstatic.com/media/43fc70_5d2688aecb464931a0016f3fd91be5bd_mv2.png/v1/fit/w_1080,h_360,q_90/43fc70_5d2688aecb464931a0016f3fd91be5bd_mv2.png]
[static.wixstatic.com/media/43fc70_30347f94782c402fb07043514cb2b5e2_mv2.png/v1/fill/w_1,h_1,q_90/43fc70_30347f94782c402fb07043514cb2b5e2_mv2.png]
[static.wixstatic.com/media/43fc70_30347f94782c402fb07043514cb2b5e2_mv2.png/v1/fit/w_1080,h_360,q_90/43fc70_30347f94782c402fb07043514cb2b5e2_mv2.png]
[static.wixstatic.com/media/43fc70_aef24e4a0a10423ea63867ca327afa59_mv2.jpg/v1/fill/w_1,h_1,q_90/43fc70_aef24e4a0a10423ea63867ca327afa59_mv2.jpg]
[static.wixstatic.com/media/43fc70_aef24e4a0a10423ea63867ca327afa59_mv2.jpg/v1/fit/w_600,h_326,q_90/43fc70_aef24e4a0a10423ea63867ca327afa59_mv2.jpg]
[static.wixstatic.com/media/43fc70_f9ea024b86b344ceb43400ab1d444399_mv2.jpg/v1/fill/w_1,h_1,q_90/43fc70_f9ea024b86b344ceb43400ab1d444399_mv2.jpg]
[static.wixstatic.com/media/43fc70_f9ea024b86b344ceb43400ab1d444399_mv2.jpg/v1/fit/w_600,h_326,q_90/43fc70_f9ea024b86b344ceb43400ab1d444399_mv2.jpg]
[static.wixstatic.com/media/43fc70_931d768a81dc4222a0d9f6522ad39f9a_mv2.jpg/v1/fill/w_1,h_1,q_90/43fc70_931d768a81dc4222a0d9f6522ad39f9a_mv2.jpg]
[static.wixstatic.com/media/43fc70_931d768a81dc4222a0d9f6522ad39f9a_mv2.jpg/v1/fit/w_600,h_326,q_90/43fc70_931d768a81dc4222a0d9f6522ad39f9a_mv2.jpg]
[static.wixstatic.com/media/43fc70_1999082fc6c0400797c05fd4ca5ac6c8_mv2.jpg/v1/fill/w_1,h_1,q_90/43fc70_1999082fc6c0400797c05fd4ca5ac6c8_mv2.jpg]
[static.wixstatic.com/media/43fc70_1999082fc6c0400797c05fd4ca5ac6c8_mv2.jpg/v1/fit/w_940,h_326,q_90/43fc70_1999082fc6c0400797c05fd4ca5ac6c8_mv2.jpg]
[static.wixstatic.com/media/43fc70_a5817708f0a84129bc5a2f621ce5c4e6_mv2.jpg/v1/fill/w_1,h_1,q_90/43fc70_a5817708f0a84129bc5a2f621ce5c4e6_mv2.jpg]
[static.wixstatic.com/media/43fc70_a5817708f0a84129bc5a2f621ce5c4e6_mv2.jpg/v1/fit/w_600,h_326,q_90/43fc70_a5817708f0a84129bc5a2f621ce5c4e6_mv2.jpg]
[static.wixstatic.com/media/43fc70_8a5b7b4151cd49bb939e5c450684fc7e_mv2.png/v1/fill/w_1,h_1,q_90/43fc70_8a5b7b4151cd49bb939e5c450684fc7e_mv2.png]
[static.wixstatic.com/media/43fc70_8a5b7b4151cd49bb939e5c450684fc7e_mv2.png/v1/fit/w_1080,h_360,q_90/43fc70_8a5b7b4151cd49bb939e5c450684fc7e_mv2.png]
[static.wixstatic.com/media/43fc70_21f3a726f96940c29ba66635d458ac04_mv2.png/v1/fill/w_1,h_1,q_90/43fc70_21f3a726f96940c29ba66635d458ac04_mv2.png]
[static.wixstatic.com/media/43fc70_21f3a726f96940c29ba66635d458ac04_mv2.png/v1/fit/w_1080,h_360,q_90/43fc70_21f3a726f96940c29ba66635d458ac04_mv2.png]
[static.wixstatic.com/media/43fc70_c8ff8635570147d48abe3d69e26f8393_mv2.png/v1/fill/w_1,h_1,q_90/43fc70_c8ff8635570147d48abe3d69e26f8393_mv2.png]
[static.wixstatic.com/media/43fc70_c8ff8635570147d48abe3d69e26f8393_mv2.png/v1/fit/w_1080,h_360,q_90/43fc70_c8ff8635570147d48abe3d69e26f8393_mv2.png]
[static.wixstatic.com/media/43fc70_8f6f5ae222714b9f94ef9b27093cdfd2_mv2.png/v1/fill/w_1,h_1,q_90/43fc70_8f6f5ae222714b9f94ef9b27093cdfd2_mv2.png]
[static.wixstatic.com/media/43fc70_8f6f5ae222714b9f94ef9b27093cdfd2_mv2.png/v1/fit/w_1080,h_360,q_90/43fc70_8f6f5ae222714b9f94ef9b27093cdfd2_mv2.png]
[static.wixstatic.com/media/43fc70_e796d8cbfd81461c98b5cbf632d7f855_mv2.png/v1/fill/w_1,h_1,q_90/43fc70_e796d8cbfd81461c98b5cbf632d7f855_mv2.png]
[static.wixstatic.com/media/43fc70_e796d8cbfd81461c98b5cbf632d7f855_mv2.png/v1/fit/w_1080,h_360,q_90/43fc70_e796d8cbfd81461c98b5cbf632d7f855_mv2.png]
[static.wixstatic.com/media/43fc70_5a09e489626140d8a084e44831ecc9a9_mv2.png/v1/fill/w_1,h_1,q_90/43fc70_5a09e489626140d8a084e44831ecc9a9_mv2.png]
[static.wixstatic.com/media/43fc70_5a09e489626140d8a084e44831ecc9a9_mv2.png/v1/fit/w_1080,h_360,q_90/43fc70_5a09e489626140d8a084e44831ecc9a9_mv2.png]
[static.wixstatic.com/media/43fc70_3bc24f05c3fa4668be225d38fe1191da_mv2.png/v1/fill/w_1,h_1,q_90/43fc70_3bc24f05c3fa4668be225d38fe1191da_mv2.png]
[static.wixstatic.com/media/43fc70_3bc24f05c3fa4668be225d38fe1191da_mv2.png/v1/fit/w_1080,h_360,q_90/43fc70_3bc24f05c3fa4668be225d38fe1191da_mv2.png]
[static.wixstatic.com/media/43fc70_b72e1cc17d9b41028f8f5caa32b73051_mv2.png/v1/fill/w_1,h_1,q_90/43fc70_b72e1cc17d9b41028f8f5caa32b73051_mv2.png]
[static.wixstatic.com/media/43fc70_b72e1cc17d9b41028f8f5caa32b73051_mv2.png/v1/fit/w_1080,h_360,q_90/43fc70_b72e1cc17d9b41028f8f5caa32b73051_mv2.png]
[static.wixstatic.com/media/43fc70_e109363ff1f84ff091361b4270de9ff1_mv2.png/v1/fill/w_1,h_1,q_90/43fc70_e109363ff1f84ff091361b4270de9ff1_mv2.png]
[static.wixstatic.com/media/43fc70_e109363ff1f84ff091361b4270de9ff1_mv2.png/v1/fit/w_1080,h_360,q_90/43fc70_e109363ff1f84ff091361b4270de9ff1_mv2.png]
[static.wixstatic.com/media/43fc70_79b624b26eeb45a0a93ab32c8bc1402a_mv2.png/v1/fill/w_1,h_1,q_90/43fc70_79b624b26eeb45a0a93ab32c8bc1402a_mv2.png]
[static.wixstatic.com/media/43fc70_79b624b26eeb45a0a93ab32c8bc1402a_mv2.png/v1/fit/w_1080,h_360,q_90/43fc70_79b624b26eeb45a0a93ab32c8bc1402a_mv2.png]
[static.wixstatic.com/media/43fc70_6570aff43ea1481face6acb302a12a62_mv2.png/v1/fill/w_1,h_1,q_90/43fc70_6570aff43ea1481face6acb302a12a62_mv2.png]
[static.wixstatic.com/media/43fc70_6570aff43ea1481face6acb302a12a62_mv2.png/v1/fit/w_1080,h_360,q_90/43fc70_6570aff43ea1481face6acb302a12a62_mv2.png]
[static.wixstatic.com/media/43fc70_68304288dbb74a8fa893674f11999f1c_mv2.png/v1/fill/w_1,h_1,q_90/43fc70_68304288dbb74a8fa893674f11999f1c_mv2.png]
[static.wixstatic.com/media/43fc70_68304288dbb74a8fa893674f11999f1c_mv2.png/v1/fit/w_1080,h_360,q_90/43fc70_68304288dbb74a8fa893674f11999f1c_mv2.png]
[huzaifaabdullah509.wixsite.com/vibe/portfolio-collections/my-portfolio/herts-cleaning-and-maintenance.html]
[static.wixstatic.com/media/43fc70_bea53377552e46c99dbcc558861d21f0_mv2.jpeg/v1/fit/w_1024,h_523,q_90/43fc70_bea53377552e46c99dbcc558861d21f0_mv2.jpg]
[static.wixstatic.com/media/43fc70_dfcd04e21f4f42d186182ca522310d87_mv2.jpeg/v1/fill/w_1,h_1,q_90/43fc70_dfcd04e21f4f42d186182ca522310d87_mv2.jpg]
[static.wixstatic.com/media/43fc70_dfcd04e21f4f42d186182ca522310d87_mv2.jpeg/v1/fit/w_1024,h_341,q_90/43fc70_dfcd04e21f4f42d186182ca522310d87_mv2.jpg]
[static.wixstatic.com/media/43fc70_71ffea9e3b3549a3b40eaa2f5b89facf_mv2.jpeg/v1/fill/w_1,h_1,q_90/43fc70_71ffea9e3b3549a3b40eaa2f5b89facf_mv2.jpg]
[static.wixstatic.com/media/43fc70_71ffea9e3b3549a3b40eaa2f5b89facf_mv2.jpeg/v1/fit/w_1024,h_341,q_90/43fc70_71ffea9e3b3549a3b40eaa2f5b89facf_mv2.jpg]
[static.wixstatic.com/media/43fc70_492d9bb1469945feb17e3c1025f9f033_mv2.jpeg/v1/fill/w_1,h_1,q_90/43fc70_492d9bb1469945feb17e3c1025f9f033_mv2.jpg]
[static.wixstatic.com/media/43fc70_492d9bb1469945feb17e3c1025f9f033_mv2.jpeg/v1/fit/w_1024,h_341,q_90/43fc70_492d9bb1469945feb17e3c1025f9f033_mv2.jpg]
[static.wixstatic.com/media/43fc70_113d95d336a64045b0e81b7b9ba5d2f5_mv2.jpeg/v1/fill/w_1,h_1,q_90/43fc70_113d95d336a64045b0e81b7b9ba5d2f5_mv2.jpg]
[static.wixstatic.com/media/43fc70_113d95d336a64045b0e81b7b9ba5d2f5_mv2.jpeg/v1/fit/w_1024,h_341,q_90/43fc70_113d95d336a64045b0e81b7b9ba5d2f5_mv2.jpg]
[huzaifaabdullah509.wixsite.com/vibe/portfolio-collections/my-portfolio/social-media-marketing.html]
[static.wixstatic.com/media/43fc70_109fda7806f4460da0685f85be0bbba0_mv2.png/v1/fit/w_1080,h_552,q_90/43fc70_109fda7806f4460da0685f85be0bbba0_mv2.png]
[static.wixstatic.com/media/43fc70_ce6e93e7de0b4afe81759a59efac380d_mv2.png/v1/fill/w_1,h_1,q_90/43fc70_ce6e93e7de0b4afe81759a59efac380d_mv2.png]
[static.wixstatic.com/media/43fc70_ce6e93e7de0b4afe81759a59efac380d_mv2.png/v1/fit/w_1080,h_360,q_90/43fc70_ce6e93e7de0b4afe81759a59efac380d_mv2.png]
[static.wixstatic.com/media/43fc70_8faf14d3366e416ab7f9a6c34c42c9e7_mv2.png/v1/fill/w_1,h_1,q_90/43fc70_8faf14d3366e416ab7f9a6c34c42c9e7_mv2.png]
[static.wixstatic.com/media/43fc70_8faf14d3366e416ab7f9a6c34c42c9e7_mv2.png/v1/fit/w_1080,h_360,q_90/43fc70_8faf14d3366e416ab7f9a6c34c42c9e7_mv2.png]
[static.wixstatic.com/media/43fc70_e3878e5bcf1844de9e94d47106103291_mv2.png/v1/fill/w_1,h_1,q_90/43fc70_e3878e5bcf1844de9e94d47106103291_mv2.png]
[static.wixstatic.com/media/43fc70_e3878e5bcf1844de9e94d47106103291_mv2.png/v1/fit/w_1080,h_360,q_90/43fc70_e3878e5bcf1844de9e94d47106103291_mv2.png]
[static.wixstatic.com/media/43fc70_cf80eb06fd184e14a013159bcb89b632_mv2.png/v1/fill/w_1,h_1,q_90/43fc70_cf80eb06fd184e14a013159bcb89b632_mv2.png]
[static.wixstatic.com/media/43fc70_cf80eb06fd184e14a013159bcb89b632_mv2.png/v1/fit/w_1080,h_360,q_90/43fc70_cf80eb06fd184e14a013159bcb89b632_mv2.png]
[static.wixstatic.com/media/43fc70_047bad3429214b329d00e24a8cf1ad5c_mv2.png/v1/fill/w_1,h_1,q_90/43fc70_047bad3429214b329d00e24a8cf1ad5c_mv2.png]
[static.wixstatic.com/media/43fc70_047bad3429214b329d00e24a8cf1ad5c_mv2.png/v1/fit/w_1080,h_360,q_90/43fc70_047bad3429214b329d00e24a8cf1ad5c_mv2.png]
[huzaifaabdullah509.wixsite.com/vibe/portfolio-collections/my-portfolio/social-media-and-digital-marketing-strategy.html]
[static.wixstatic.com/media/43fc70_4bca9edf38b44ebeac170f4ed9d29a40_mv2.png/v1/fit/w_1080,h_552,q_90/43fc70_4bca9edf38b44ebeac170f4ed9d29a40_mv2.png]
[static.wixstatic.com/media/43fc70_bec1819f52904cbf88e6b6d927854154_mv2.png/v1/fill/w_1,h_1,q_90/43fc70_bec1819f52904cbf88e6b6d927854154_mv2.png]
[static.wixstatic.com/media/43fc70_bec1819f52904cbf88e6b6d927854154_mv2.png/v1/fit/w_1080,h_360,q_90/43fc70_bec1819f52904cbf88e6b6d927854154_mv2.png]
[static.wixstatic.com/media/43fc70_4eceeb837c434c1faa49384c4ecfd843_mv2.png/v1/fill/w_1,h_1,q_90/43fc70_4eceeb837c434c1faa49384c4ecfd843_mv2.png]
[static.wixstatic.com/media/43fc70_4eceeb837c434c1faa49384c4ecfd843_mv2.png/v1/fit/w_1080,h_360,q_90/43fc70_4eceeb837c434c1faa49384c4ecfd843_mv2.png]
[huzaifaabdullah509.wixsite.com/vibe/portfolio-collections/my-portfolio/futuristic-branding-and-promotion.html]
[static.wixstatic.com/media/43fc70_95d7dba7f88c419ea988259902a4e7a0_mv2.png/v1/fit/w_1080,h_552,q_90/43fc70_95d7dba7f88c419ea988259902a4e7a0_mv2.png]
[static.wixstatic.com/media/43fc70_11290f669eb543dc9f22ee177ea876d1_mv2.png/v1/fill/w_1,h_1,q_90/43fc70_11290f669eb543dc9f22ee177ea876d1_mv2.png]
[static.wixstatic.com/media/43fc70_11290f669eb543dc9f22ee177ea876d1_mv2.png/v1/fit/w_1080,h_360,q_90/43fc70_11290f669eb543dc9f22ee177ea876d1_mv2.png]
[static.wixstatic.com/media/43fc70_2c2b0e1bb38b4a70a1e6e8485c729b7b_mv2.png/v1/fill/w_1,h_1,q_90/43fc70_2c2b0e1bb38b4a70a1e6e8485c729b7b_mv2.png]
[static.wixstatic.com/media/43fc70_2c2b0e1bb38b4a70a1e6e8485c729b7b_mv2.png/v1/fit/w_1080,h_360,q_90/43fc70_2c2b0e1bb38b4a70a1e6e8485c729b7b_mv2.png]
[static.wixstatic.com/media/43fc70_3df7e9dc0f9f497a84675693964a9aae_mv2.png/v1/fill/w_1,h_1,q_90/43fc70_3df7e9dc0f9f497a84675693964a9aae_mv2.png]
[static.wixstatic.com/media/43fc70_3df7e9dc0f9f497a84675693964a9aae_mv2.png/v1/fit/w_1080,h_360,q_90/43fc70_3df7e9dc0f9f497a84675693964a9aae_mv2.png]
[static.wixstatic.com/media/43fc70_05ab1fbf15e44991a18370e67127ff88_mv2.png/v1/fill/w_1,h_1,q_90/43fc70_05ab1fbf15e44991a18370e67127ff88_mv2.png]
[static.wixstatic.com/media/43fc70_05ab1fbf15e44991a18370e67127ff88_mv2.png/v1/fit/w_1080,h_360,q_90/43fc70_05ab1fbf15e44991a18370e67127ff88_mv2.png]
[huzaifaabdullah509.wixsite.com/vibe/portfolio-collections/my-portfolio/video-editing-and-digital-artwork.html]
[static.wixstatic.com/media/43fc70_5cf32e89d27a4a4f83e0bccffd0237e5_mv2.png/v1/fit/w_1080,h_552,q_90/43fc70_5cf32e89d27a4a4f83e0bccffd0237e5_mv2.png]
[static.wixstatic.com/media/43fc70_e2386cb2006c4635935b08b9e5c56ff6_mv2.png/v1/fill/w_1,h_1,q_90/43fc70_e2386cb2006c4635935b08b9e5c56ff6_mv2.png]
[static.wixstatic.com/media/43fc70_e2386cb2006c4635935b08b9e5c56ff6_mv2.png/v1/fit/w_1080,h_360,q_90/43fc70_e2386cb2006c4635935b08b9e5c56ff6_mv2.png]
[static.wixstatic.com/media/43fc70_53889c15a2764adfae10bd0596cc2bab_mv2.png/v1/fill/w_1,h_1,q_90/43fc70_53889c15a2764adfae10bd0596cc2bab_mv2.png]
[static.wixstatic.com/media/43fc70_53889c15a2764adfae10bd0596cc2bab_mv2.png/v1/fit/w_1080,h_360,q_90/43fc70_53889c15a2764adfae10bd0596cc2bab_mv2.png]
[huzaifaabdullah509.wixsite.com/vibe/portfolio-collections/my-portfolio/creative-illustrations-and-artwork.html]
[static.wixstatic.com/media/43fc70_9e3c3784a2de4c5aaec6860d5b72b19e_mv2.jpeg/v1/fit/w_1024,h_523,q_90/43fc70_9e3c3784a2de4c5aaec6860d5b72b19e_mv2.jpg]
[static.wixstatic.com/media/43fc70_1506f14e5e9248868deaa378233b6566_mv2.png/v1/fill/w_1,h_1,q_90/43fc70_1506f14e5e9248868deaa378233b6566_mv2.png]
[static.wixstatic.com/media/43fc70_1506f14e5e9248868deaa378233b6566_mv2.png/v1/fit/w_1080,h_360,q_90/43fc70_1506f14e5e9248868deaa378233b6566_mv2.png]
[huzaifaabdullah509.wixsite.com/vibe/portfolio-collections/my-portfolio/finance-and-investment-concepts.html]
[static.wixstatic.com/media/43fc70_41039a562e17416a87154d50bdf06148_mv2.jpeg/v1/fit/w_1024,h_523,q_90/43fc70_41039a562e17416a87154d50bdf06148_mv2.jpg]
[static.wixstatic.com/media/43fc70_d5e40f8c8a554724bc58b5df12311319_mv2.jpeg/v1/fill/w_1,h_1,q_90/43fc70_d5e40f8c8a554724bc58b5df12311319_mv2.jpg]
[static.wixstatic.com/media/43fc70_d5e40f8c8a554724bc58b5df12311319_mv2.jpeg/v1/fit/w_1024,h_341,q_90/43fc70_d5e40f8c8a554724bc58b5df12311319_mv2.jpg]
[static.wixstatic.com/media/43fc70_c74781032c95495d856ebd6055baa695_mv2.jpeg/v1/fill/w_1,h_1,q_90/43fc70_c74781032c95495d856ebd6055baa695_mv2.jpg]
[static.wixstatic.com/media/43fc70_c74781032c95495d856ebd6055baa695_mv2.jpeg/v1/fit/w_1024,h_341,q_90/43fc70_c74781032c95495d856ebd6055baa695_mv2.jpg]
[static.wixstatic.com/media/43fc70_89c3bad743de45c1ac16c371994b0efc_mv2.jpeg/v1/fill/w_1,h_1,q_90/43fc70_89c3bad743de45c1ac16c371994b0efc_mv2.jpg]
[static.wixstatic.com/media/43fc70_89c3bad743de45c1ac16c371994b0efc_mv2.jpeg/v1/fit/w_1024,h_341,q_90/43fc70_89c3bad743de45c1ac16c371994b0efc_mv2.jpg]
[static.wixstatic.com/media/43fc70_eb8a0aa6e2114e8d9702360408ab5bf5_mv2.jpeg/v1/fill/w_1,h_1,q_90/43fc70_eb8a0aa6e2114e8d9702360408ab5bf5_mv2.jpg]
[static.wixstatic.com/media/43fc70_eb8a0aa6e2114e8d9702360408ab5bf5_mv2.jpeg/v1/fit/w_1024,h_341,q_90/43fc70_eb8a0aa6e2114e8d9702360408ab5bf5_mv2.jpg]
[huzaifaabdullah509.wixsite.com/vibe/portfolio-collections/my-portfolio/digital-marketing-graphics.html]
[huzaifaabdullah509.wixsite.com/sitemap.html]
[huzaifaabdullah509.wixsite.com/feed.html]
[huzaifaabdullah509.wixsite.com/${i.html]
[huzaifaabdullah509.wixsite.com/decodeURIComponent(e.html]
[huzaifaabdullah509.wixsite.com/vibe/robots.html]
[huzaifaabdullah509.wixsite.com/vibe/feed.html]
[huzaifaabdullah509.wixsite.com/vibe/${i.html]
[huzaifaabdullah509.wixsite.com/vibe/decodeURIComponent(e.html]
[huzaifaabdullah509.wixsite.com/vibe/post/robots.html]
[huzaifaabdullah509.wixsite.com/vibe/post/sitemap.html]
[huzaifaabdullah509.wixsite.com/vibe/post/feed.html]
[huzaifaabdullah509.wixsite.com/vibe/post/${i.html]
[huzaifaabdullah509.wixsite.com/vibe/post/decodeURIComponent(e.html]
[huzaifaabdullah509.wixsite.com/vibe/portfolio-collections/my-portfolio/robots.html]
[huzaifaabdullah509.wixsite.com/vibe/portfolio-collections/my-portfolio/sitemap.html]
[huzaifaabdullah509.wixsite.com/vibe/portfolio-collections/my-portfolio/feed.html]
[huzaifaabdullah509.wixsite.com/vibe/portfolio-collections/my-portfolio/${i.html]
[huzaifaabdullah509.wixsite.com/vibe/portfolio-collections/my-portfolio/decodeURIComponent(e.html]
